MIF/HEX Update report for cake_rain
Mon Nov 26 00:45:58 2018
Quartus Prime Version 18.0.0 Build 614 04/24/2018 SJ Lite Edition


---------------------
; Table of Contents ;
---------------------
  1. Legal Notice
  2. MIF/HEX Update Summary
  3. MIF/HEX Update Processed Files
  4. MIF/HEX Update Messages



----------------
; Legal Notice ;
----------------
Copyright (C) 2018  Intel Corporation. All rights reserved.
Your use of Intel Corporation's design tools, logic functions 
and other software and tools, and its AMPP partner logic 
functions, and any output files from any of the foregoing 
(including device programming or simulation files), and any 
associated documentation or information are expressly subject 
to the terms and conditions of the Intel Program License 
Subscription Agreement, the Intel Quartus Prime License Agreement,
the Intel FPGA IP License Agreement, or other applicable license
agreement, including, without limitation, that your use is for
the sole purpose of programming logic devices manufactured by
Intel and sold by Intel or its authorized distributors.  Please
refer to the applicable agreement for further details.



+---------------------------------------------------------------+
; MIF/HEX Update Summary                                        ;
+-----------------------+---------------------------------------+
; MIF/HEX Update Status ; Successful - Mon Nov 26 00:45:58 2018 ;
; Revision Name         ; cake_rain                             ;
; Top-level Entity Name ; cake_rain                             ;
; Family                ; Cyclone V                             ;
; Device                ; 5CSEMA5F31C6                          ;
+-----------------------+---------------------------------------+


+---------------------------------------------------------------+
; MIF/HEX Update Processed Files                                ;
+---------------------------------------------------------------+
; File Name                                                     ;
+---------------------------------------------------------------+
; D:/ECE241_FinalProject/final_project_images/cherry.colour.mif ;
; D:/ECE241_FinalProject/start_screen.mif                       ;
+---------------------------------------------------------------+


+-------------------------+
; MIF/HEX Update Messages ;
+-------------------------+
Info: *******************************************************************
Info: Running Quartus Prime MIF/HEX Update
    Info: Version 18.0.0 Build 614 04/24/2018 SJ Lite Edition
    Info: Processing started: Mon Nov 26 00:45:55 2018
Info: Command: quartus_cdb cake_rain -c cake_rain --update_mif
Warning (18236): Number of processors has not been specified which may cause overloading on shared machines.  Set the global assignment NUM_PARALLEL_PROCESSORS in your QSF to an appropriate value for best performance.
Warning (39023): Can't find Memory Initialization File final_project_images/background.colour.mif -- skipped updates for this file
Warning (113031): 19200 out of 19200 addresses are reinitialized. The latest initialized data will replace the existing data. There are 19200 warnings found, and 10 warnings are reported. File: D:/ECE241_FinalProject/start_screen.mif Line: 1
    Warning (113030): Memory Initialization File address 19040 is reinitialized File: D:/ECE241_FinalProject/ Line: 8
    Warning (113030): Memory Initialization File address 19041 is reinitialized File: D:/ECE241_FinalProject/ Line: 8
    Warning (113030): Memory Initialization File address 19042 is reinitialized File: D:/ECE241_FinalProject/ Line: 8
    Warning (113030): Memory Initialization File address 19043 is reinitialized File: D:/ECE241_FinalProject/ Line: 8
    Warning (113030): Memory Initialization File address 19044 is reinitialized File: D:/ECE241_FinalProject/ Line: 8
    Warning (113030): Memory Initialization File address 19045 is reinitialized File: D:/ECE241_FinalProject/ Line: 8
    Warning (113030): Memory Initialization File address 19046 is reinitialized File: D:/ECE241_FinalProject/ Line: 8
    Warning (113030): Memory Initialization File address 19047 is reinitialized File: D:/ECE241_FinalProject/ Line: 8
    Warning (113030): Memory Initialization File address 19048 is reinitialized File: D:/ECE241_FinalProject/ Line: 8
    Warning (113030): Memory Initialization File address 19049 is reinitialized File: D:/ECE241_FinalProject/ Line: 8
Critical Warning (127005): Memory depth (256) in the design file differs from memory depth (168) in the Memory Initialization File "D:/ECE241_FinalProject/final_project_images/cherry.colour.mif" -- setting initial value for remaining addresses to 0
Info (39024): Processed the following Memory Initialization File(s)
    Info (39025): Processed Memory Initialization File D:/ECE241_FinalProject/final_project_images/cherry.colour.mif File: D:/ECE241_FinalProject/final_project_images/cherry.colour.mif Line: 0
    Info (39025): Processed Memory Initialization File D:/ECE241_FinalProject/start_screen.mif File: D:/ECE241_FinalProject/start_screen.mif Line: 0
Info: Quartus Prime MIF/HEX Update was successful. 0 errors, 14 warnings
    Info: Peak virtual memory: 4914 megabytes
    Info: Processing ended: Mon Nov 26 00:45:58 2018
    Info: Elapsed time: 00:00:03
    Info: Total CPU time (on all processors): 00:00:03


